%!Adobe-FontList 1.11
%Locale:0x410

%BeginFont
Handler:DirectoryHandler
FontType:Invalid
OutlineFileName:D:\Documenti\Dropbox\HelloLen\online\Font\kingthings_wrote-webfont.eot
FileModTime:1297220590
%EndFont

%BeginFont
Handler:DirectoryHandler
FontType:Invalid
OutlineFileName:D:\Documenti\Dropbox\HelloLen\online\Font\kingthings_wrote-webfont.svg
FileModTime:1297220590
%EndFont

%BeginFont
Handler:DirectoryHandler
FontType:TrueType
FontName:KingthingsWrote
FamilyName:Kingthings Wrote
StyleName:Regular
FullName:Kingthings Wrote Regular
MenuName:Kingthings Wrote
StyleBits:0
WritingScript:Roman
OutlineFileName:D:\Documenti\Dropbox\HelloLen\online\Font\kingthings_wrote-webfont.ttf
DataFormat:sfntData
FileLength:31664
FileModTime:1297220590
WeightClass:400
WidthClass:5
AngleClass:0
%EndFont

%BeginFont
Handler:DirectoryHandler
FontType:Invalid
OutlineFileName:D:\Documenti\Dropbox\HelloLen\online\Font\kingthings_wrote-webfont.woff
FileModTime:1297220590
%EndFont

%BeginFont
Handler:DirectoryHandler
FontType:Invalid
OutlineFileName:D:\Documenti\Dropbox\HelloLen\online\Font\stylesheet.css
FileModTime:1297220592
%EndFont

